{"$message_type":"diagnostic","message":"unused import: `Utc`","code":{"code":"unused_imports","explanation":null},"level":"warning","spans":[{"file_name":"src/main.rs","byte_start":34,"byte_end":37,"line_start":1,"line_end":1,"column_start":35,"column_end":38,"is_primary":true,"text":[{"text":"use chrono::{DateTime, NaiveDate, Utc};","highlight_start":35,"highlight_end":38}],"label":null,"suggested_replacement":null,"suggestion_applicability":null,"expansion":null}],"children":[{"message":"`#[warn(unused_imports)]` (part of `#[warn(unused)]`) on by default","code":null,"level":"note","spans":[],"children":[],"rendered":null},{"message":"remove the unused import","code":null,"level":"help","spans":[{"file_name":"src/main.rs","byte_start":32,"byte_end":37,"line_start":1,"line_end":1,"column_start":33,"column_end":38,"is_primary":true,"text":[{"text":"use chrono::{DateTime, NaiveDate, Utc};","highlight_start":33,"highlight_end":38}],"label":null,"suggested_replacement":"","suggestion_applicability":"MachineApplicable","expansion":null}],"children":[],"rendered":null}],"rendered":"\u001b[1m\u001b[33mwarning\u001b[0m\u001b[1m: unused import: `Utc`\u001b[0m\n \u001b[1m\u001b[94m--> \u001b[0msrc/main.rs:1:35\n  \u001b[1m\u001b[94m|\u001b[0m\n\u001b[1m\u001b[94m1\u001b[0m \u001b[1m\u001b[94m|\u001b[0m use chrono::{DateTime, NaiveDate, Utc};\n  \u001b[1m\u001b[94m|\u001b[0m                                   \u001b[1m\u001b[33m^^^\u001b[0m\n  \u001b[1m\u001b[94m|\u001b[0m\n  \u001b[1m\u001b[94m= \u001b[0m\u001b[1mnote\u001b[0m: `#[warn(unused_imports)]` (part of `#[warn(unused)]`) on by default\n\n"}
{"$message_type":"diagnostic","message":"the trait bound `NaiveDate: serde::Serialize` is not satisfied","code":{"code":"E0277","explanation":"You tried to use a type which doesn't implement some trait in a place which\nexpected that trait.\n\nErroneous code example:\n\n```compile_fail,E0277\n// here we declare the Foo trait with a bar method\ntrait Foo {\n    fn bar(&self);\n}\n\n// we now declare a function which takes an object implementing the Foo trait\nfn some_func<T: Foo>(foo: T) {\n    foo.bar();\n}\n\nfn main() {\n    // we now call the method with the i32 type, which doesn't implement\n    // the Foo trait\n    some_func(5i32); // error: the trait bound `i32 : Foo` is not satisfied\n}\n```\n\nIn order to fix this error, verify that the type you're using does implement\nthe trait. Example:\n\n```\ntrait Foo {\n    fn bar(&self);\n}\n\n// we implement the trait on the i32 type\nimpl Foo for i32 {\n    fn bar(&self) {}\n}\n\nfn some_func<T: Foo>(foo: T) {\n    foo.bar(); // we can now use this method since i32 implements the\n               // Foo trait\n}\n\nfn main() {\n    some_func(5i32); // ok!\n}\n```\n\nOr in a generic context, an erroneous code example would look like:\n\n```compile_fail,E0277\nfn some_func<T>(foo: T) {\n    println!(\"{:?}\", foo); // error: the trait `core::fmt::Debug` is not\n                           //        implemented for the type `T`\n}\n\nfn main() {\n    // We now call the method with the i32 type,\n    // which *does* implement the Debug trait.\n    some_func(5i32);\n}\n```\n\nNote that the error here is in the definition of the generic function. Although\nwe only call it with a parameter that does implement `Debug`, the compiler\nstill rejects the function. It must work with all possible input types. In\norder to make this example compile, we need to restrict the generic type we're\naccepting:\n\n```\nuse std::fmt;\n\n// Restrict the input type to types that implement Debug.\nfn some_func<T: fmt::Debug>(foo: T) {\n    println!(\"{:?}\", foo);\n}\n\nfn main() {\n    // Calling the method is still fine, as i32 implements Debug.\n    some_func(5i32);\n\n    // This would fail to compile now:\n    // struct WithoutDebug;\n    // some_func(WithoutDebug);\n}\n```\n\nRust only looks at the signature of the called function, as such it must\nalready specify all requirements that will be used for every type parameter.\n"},"level":"error","spans":[{"file_name":"src/main.rs","byte_start":239,"byte_end":257,"line_start":10,"line_end":10,"column_start":9,"column_end":27,"is_primary":true,"text":[{"text":"        full_history.dates,","highlight_start":9,"highlight_end":27}],"label":"the trait `serde_core::ser::Serialize` is not implemented for `NaiveDate`","suggested_replacement":null,"suggestion_applicability":null,"expansion":null},{"file_name":"src/main.rs","byte_start":213,"byte_end":229,"line_start":9,"line_end":9,"column_start":17,"column_end":33,"is_primary":false,"text":[{"text":"    let trace = Candlestick::new(","highlight_start":17,"highlight_end":33}],"label":"required by a bound introduced by this call","suggested_replacement":null,"suggestion_applicability":null,"expansion":null}],"children":[{"message":"for local types consider adding `#[derive(serde::Serialize)]` to your `NaiveDate` type","code":null,"level":"note","spans":[],"children":[],"rendered":null},{"message":"for types from other crates check whether the crate offers a `serde` feature flag","code":null,"level":"note","spans":[],"children":[],"rendered":null},{"message":"the following other types implement trait `serde_core::ser::Serialize`:\n  &'a T\n  &'a mut T\n  ()\n  (T,)\n  (T0, T1)\n  (T0, T1, T2)\n  (T0, T1, T2, T3)\n  (T0, T1, T2, T3, T4)\nand 418 others","code":null,"level":"help","spans":[],"children":[],"rendered":null},{"message":"required by a bound in `plotly::Candlestick::<T, O>::new`","code":null,"level":"note","spans":[{"file_name":"/home/yasuke/.cargo/registry/src/index.crates.io-1949cf8c6b5b557f/plotly-0.14.0/src/traces/candlestick.rs","byte_start":2483,"byte_end":2486,"line_start":94,"line_end":94,"column_start":12,"column_end":15,"is_primary":false,"text":[{"text":"    pub fn new(x: Vec<T>, open: Vec<O>, high: Vec<O>, low: Vec<O>, close: Vec<O>) -> Box<Self> {","highlight_start":12,"highlight_end":15}],"label":"required by a bound in this associated function","suggested_replacement":null,"suggestion_applicability":null,"expansion":null},{"file_name":"/home/yasuke/.cargo/registry/src/index.crates.io-1949cf8c6b5b557f/plotly-0.14.0/src/traces/candlestick.rs","byte_start":2425,"byte_end":2434,"line_start":91,"line_end":91,"column_start":8,"column_end":17,"is_primary":true,"text":[{"text":"    T: Serialize + Clone,","highlight_start":8,"highlight_end":17}],"label":"required by this bound in `Candlestick::<T, O>::new`","suggested_replacement":null,"suggestion_applicability":null,"expansion":null}],"children":[],"rendered":null}],"rendered":"\u001b[1m\u001b[91merror[E0277]\u001b[0m\u001b[1m: the trait bound `NaiveDate: serde::Serialize` is not satisfied\u001b[0m\n  \u001b[1m\u001b[94m--> \u001b[0msrc/main.rs:10:9\n   \u001b[1m\u001b[94m|\u001b[0m\n \u001b[1m\u001b[94m9\u001b[0m \u001b[1m\u001b[94m|\u001b[0m     let trace = Candlestick::new(\n   \u001b[1m\u001b[94m|\u001b[0m                 \u001b[1m\u001b[94m----------------\u001b[0m \u001b[1m\u001b[94mrequired by a bound introduced by this call\u001b[0m\n\u001b[1m\u001b[94m10\u001b[0m \u001b[1m\u001b[94m|\u001b[0m         full_history.dates,\n   \u001b[1m\u001b[94m|\u001b[0m         \u001b[1m\u001b[91m^^^^^^^^^^^^^^^^^^\u001b[0m \u001b[1m\u001b[91mthe trait `serde_core::ser::Serialize` is not implemented for `NaiveDate`\u001b[0m\n   \u001b[1m\u001b[94m|\u001b[0m\n   \u001b[1m\u001b[94m= \u001b[0m\u001b[1mnote\u001b[0m: for local types consider adding `#[derive(serde::Serialize)]` to your `NaiveDate` type\n   \u001b[1m\u001b[94m= \u001b[0m\u001b[1mnote\u001b[0m: for types from other crates check whether the crate offers a `serde` feature flag\n   \u001b[1m\u001b[94m= \u001b[0m\u001b[1mhelp\u001b[0m: the following other types implement trait `serde_core::ser::Serialize`:\n             &'a T\n             &'a mut T\n             ()\n             (T,)\n             (T0, T1)\n             (T0, T1, T2)\n             (T0, T1, T2, T3)\n             (T0, T1, T2, T3, T4)\n           and 418 others\n\u001b[1m\u001b[92mnote\u001b[0m: required by a bound in `plotly::Candlestick::<T, O>::new`\n  \u001b[1m\u001b[94m--> \u001b[0m/home/yasuke/.cargo/registry/src/index.crates.io-1949cf8c6b5b557f/plotly-0.14.0/src/traces/candlestick.rs:91:8\n   \u001b[1m\u001b[94m|\u001b[0m\n\u001b[1m\u001b[94m91\u001b[0m \u001b[1m\u001b[94m|\u001b[0m     T: Serialize + Clone,\n   \u001b[1m\u001b[94m|\u001b[0m        \u001b[1m\u001b[92m^^^^^^^^^\u001b[0m \u001b[1m\u001b[92mrequired by this bound in `Candlestick::<T, O>::new`\u001b[0m\n\u001b[1m\u001b[94m...\u001b[0m\n\u001b[1m\u001b[94m94\u001b[0m \u001b[1m\u001b[94m|\u001b[0m     pub fn new(x: Vec<T>, open: Vec<O>, high: Vec<O>, low: Vec<O>, close: Vec<O>) -> Box<Self> {\n   \u001b[1m\u001b[94m|\u001b[0m            \u001b[1m\u001b[94m---\u001b[0m \u001b[1m\u001b[94mrequired by a bound in this associated function\u001b[0m\n\n"}
{"$message_type":"diagnostic","message":"the method `name` exists for struct `std::boxed::Box<plotly::Candlestick<NaiveDate, f64>>`, but its trait bounds were not satisfied","code":{"code":"E0599","explanation":"This error occurs when a method is used on a type which doesn't implement it:\n\nErroneous code example:\n\n```compile_fail,E0599\nstruct Mouth;\n\nlet x = Mouth;\nx.chocolate(); // error: no method named `chocolate` found for type `Mouth`\n               //        in the current scope\n```\n\nIn this case, you need to implement the `chocolate` method to fix the error:\n\n```\nstruct Mouth;\n\nimpl Mouth {\n    fn chocolate(&self) { // We implement the `chocolate` method here.\n        println!(\"Hmmm! I love chocolate!\");\n    }\n}\n\nlet x = Mouth;\nx.chocolate(); // ok!\n```\n"},"level":"error","spans":[{"file_name":"src/main.rs","byte_start":213,"byte_end":378,"line_start":9,"line_end":16,"column_start":17,"column_end":6,"is_primary":false,"text":[{"text":"    let trace = Candlestick::new(","highlight_start":17,"highlight_end":34},{"text":"        full_history.dates,","highlight_start":1,"highlight_end":28},{"text":"        full_history.open,","highlight_start":1,"highlight_end":27},{"text":"        full_history.high,","highlight_start":1,"highlight_end":27},{"text":"        full_history.low,","highlight_start":1,"highlight_end":26},{"text":"        full_history.close,","highlight_start":1,"highlight_end":28},{"text":"    )","highlight_start":1,"highlight_end":6},{"text":"    .name(\"NVDA\")","highlight_start":1,"highlight_end":6}],"label":"","suggested_replacement":null,"suggestion_applicability":null,"expansion":null},{"file_name":"src/main.rs","byte_start":378,"byte_end":382,"line_start":16,"line_end":16,"column_start":6,"column_end":10,"is_primary":true,"text":[{"text":"    .name(\"NVDA\")","highlight_start":6,"highlight_end":10}],"label":"private field, not a method","suggested_replacement":null,"suggestion_applicability":null,"expansion":null},{"file_name":"/home/yasuke/.cargo/registry/src/index.crates.io-1949cf8c6b5b557f/chrono-0.4.43/src/naive/date/mod.rs","byte_start":4216,"byte_end":4236,"line_start":102,"line_end":102,"column_start":1,"column_end":21,"is_primary":false,"text":[{"text":"pub struct NaiveDate {","highlight_start":1,"highlight_end":21}],"label":"doesn't satisfy `NaiveDate: serde_core::ser::Serialize`","suggested_replacement":null,"suggestion_applicability":null,"expansion":null}],"children":[{"message":"the following trait bounds were not satisfied:\n`NaiveDate: serde_core::ser::Serialize`","code":null,"level":"note","spans":[],"children":[],"rendered":null}],"rendered":"\u001b[1m\u001b[91merror[E0599]\u001b[0m\u001b[1m: the method `name` exists for struct `std::boxed::Box<plotly::Candlestick<NaiveDate, f64>>`, but its trait bounds were not satisfied\u001b[0m\n   \u001b[1m\u001b[94m--> \u001b[0msrc/main.rs:16:6\n    \u001b[1m\u001b[94m|\u001b[0m\n  \u001b[1m\u001b[94m9\u001b[0m \u001b[1m\u001b[94m|\u001b[0m       let trace = Candlestick::new(\n    \u001b[1m\u001b[94m|\u001b[0m \u001b[1m\u001b[94m _________________-\u001b[0m\n \u001b[1m\u001b[94m10\u001b[0m \u001b[1m\u001b[94m|\u001b[0m \u001b[1m\u001b[94m|\u001b[0m         full_history.dates,\n \u001b[1m\u001b[94m11\u001b[0m \u001b[1m\u001b[94m|\u001b[0m \u001b[1m\u001b[94m|\u001b[0m         full_history.open,\n \u001b[1m\u001b[94m12\u001b[0m \u001b[1m\u001b[94m|\u001b[0m \u001b[1m\u001b[94m|\u001b[0m         full_history.high,\n\u001b[1m\u001b[94m...\u001b[0m   \u001b[1m\u001b[94m|\u001b[0m\n \u001b[1m\u001b[94m16\u001b[0m \u001b[1m\u001b[94m|\u001b[0m \u001b[1m\u001b[94m|\u001b[0m     .name(\"NVDA\")\n    \u001b[1m\u001b[94m|\u001b[0m \u001b[1m\u001b[94m|\u001b[0m     \u001b[1m\u001b[94m-\u001b[0m\u001b[1m\u001b[91m^^^^\u001b[0m \u001b[1m\u001b[91mprivate field, not a method\u001b[0m\n    \u001b[1m\u001b[94m|\u001b[0m \u001b[1m\u001b[94m|_____|\u001b[0m\n    \u001b[1m\u001b[94m|\u001b[0m\n    \u001b[1m\u001b[94m|\u001b[0m\n   \u001b[1m\u001b[94m::: \u001b[0m/home/yasuke/.cargo/registry/src/index.crates.io-1949cf8c6b5b557f/chrono-0.4.43/src/naive/date/mod.rs:102:1\n    \u001b[1m\u001b[94m|\u001b[0m\n\u001b[1m\u001b[94m102\u001b[0m \u001b[1m\u001b[94m|\u001b[0m   pub struct NaiveDate {\n    \u001b[1m\u001b[94m|\u001b[0m   \u001b[1m\u001b[94m--------------------\u001b[0m \u001b[1m\u001b[94mdoesn't satisfy `NaiveDate: serde_core::ser::Serialize`\u001b[0m\n    \u001b[1m\u001b[94m|\u001b[0m\n    \u001b[1m\u001b[94m= \u001b[0m\u001b[1mnote\u001b[0m: the following trait bounds were not satisfied:\n            `NaiveDate: serde_core::ser::Serialize`\n\n"}
{"$message_type":"diagnostic","message":"the trait bound `NaiveDate: serde::Serialize` is not satisfied","code":{"code":"E0277","explanation":"You tried to use a type which doesn't implement some trait in a place which\nexpected that trait.\n\nErroneous code example:\n\n```compile_fail,E0277\n// here we declare the Foo trait with a bar method\ntrait Foo {\n    fn bar(&self);\n}\n\n// we now declare a function which takes an object implementing the Foo trait\nfn some_func<T: Foo>(foo: T) {\n    foo.bar();\n}\n\nfn main() {\n    // we now call the method with the i32 type, which doesn't implement\n    // the Foo trait\n    some_func(5i32); // error: the trait bound `i32 : Foo` is not satisfied\n}\n```\n\nIn order to fix this error, verify that the type you're using does implement\nthe trait. Example:\n\n```\ntrait Foo {\n    fn bar(&self);\n}\n\n// we implement the trait on the i32 type\nimpl Foo for i32 {\n    fn bar(&self) {}\n}\n\nfn some_func<T: Foo>(foo: T) {\n    foo.bar(); // we can now use this method since i32 implements the\n               // Foo trait\n}\n\nfn main() {\n    some_func(5i32); // ok!\n}\n```\n\nOr in a generic context, an erroneous code example would look like:\n\n```compile_fail,E0277\nfn some_func<T>(foo: T) {\n    println!(\"{:?}\", foo); // error: the trait `core::fmt::Debug` is not\n                           //        implemented for the type `T`\n}\n\nfn main() {\n    // We now call the method with the i32 type,\n    // which *does* implement the Debug trait.\n    some_func(5i32);\n}\n```\n\nNote that the error here is in the definition of the generic function. Although\nwe only call it with a parameter that does implement `Debug`, the compiler\nstill rejects the function. It must work with all possible input types. In\norder to make this example compile, we need to restrict the generic type we're\naccepting:\n\n```\nuse std::fmt;\n\n// Restrict the input type to types that implement Debug.\nfn some_func<T: fmt::Debug>(foo: T) {\n    println!(\"{:?}\", foo);\n}\n\nfn main() {\n    // Calling the method is still fine, as i32 implements Debug.\n    some_func(5i32);\n\n    // This would fail to compile now:\n    // struct WithoutDebug;\n    // some_func(WithoutDebug);\n}\n```\n\nRust only looks at the signature of the called function, as such it must\nalready specify all requirements that will be used for every type parameter.\n"},"level":"error","spans":[{"file_name":"src/main.rs","byte_start":213,"byte_end":372,"line_start":9,"line_end":15,"column_start":17,"column_end":6,"is_primary":true,"text":[{"text":"    let trace = Candlestick::new(","highlight_start":17,"highlight_end":34},{"text":"        full_history.dates,","highlight_start":1,"highlight_end":28},{"text":"        full_history.open,","highlight_start":1,"highlight_end":27},{"text":"        full_history.high,","highlight_start":1,"highlight_end":27},{"text":"        full_history.low,","highlight_start":1,"highlight_end":26},{"text":"        full_history.close,","highlight_start":1,"highlight_end":28},{"text":"    )","highlight_start":1,"highlight_end":6}],"label":"the trait `serde_core::ser::Serialize` is not implemented for `NaiveDate`","suggested_replacement":null,"suggestion_applicability":null,"expansion":null}],"children":[{"message":"for local types consider adding `#[derive(serde::Serialize)]` to your `NaiveDate` type","code":null,"level":"note","spans":[],"children":[],"rendered":null},{"message":"for types from other crates check whether the crate offers a `serde` feature flag","code":null,"level":"note","spans":[],"children":[],"rendered":null},{"message":"the following other types implement trait `serde_core::ser::Serialize`:\n  &'a T\n  &'a mut T\n  ()\n  (T,)\n  (T0, T1)\n  (T0, T1, T2)\n  (T0, T1, T2, T3)\n  (T0, T1, T2, T3, T4)\nand 418 others","code":null,"level":"help","spans":[],"children":[],"rendered":null},{"message":"required by a bound in `plotly::Candlestick`","code":null,"level":"note","spans":[{"file_name":"/home/yasuke/.cargo/registry/src/index.crates.io-1949cf8c6b5b557f/plotly-0.14.0/src/traces/candlestick.rs","byte_start":1194,"byte_end":1205,"line_start":48,"line_end":48,"column_start":12,"column_end":23,"is_primary":false,"text":[{"text":"pub struct Candlestick<T, O>","highlight_start":12,"highlight_end":23}],"label":"required by a bound in this struct","suggested_replacement":null,"suggestion_applicability":null,"expansion":null},{"file_name":"/home/yasuke/.cargo/registry/src/index.crates.io-1949cf8c6b5b557f/plotly-0.14.0/src/traces/candlestick.rs","byte_start":1225,"byte_end":1234,"line_start":50,"line_end":50,"column_start":8,"column_end":17,"is_primary":true,"text":[{"text":"    T: Serialize + Clone,","highlight_start":8,"highlight_end":17}],"label":"required by this bound in `Candlestick`","suggested_replacement":null,"suggestion_applicability":null,"expansion":null}],"children":[],"rendered":null}],"rendered":"\u001b[1m\u001b[91merror[E0277]\u001b[0m\u001b[1m: the trait bound `NaiveDate: serde::Serialize` is not satisfied\u001b[0m\n  \u001b[1m\u001b[94m--> \u001b[0msrc/main.rs:9:17\n   \u001b[1m\u001b[94m|\u001b[0m\n \u001b[1m\u001b[94m9\u001b[0m \u001b[1m\u001b[94m|\u001b[0m       let trace = Candlestick::new(\n   \u001b[1m\u001b[94m|\u001b[0m \u001b[1m\u001b[91m _________________^\u001b[0m\n\u001b[1m\u001b[94m10\u001b[0m \u001b[1m\u001b[94m|\u001b[0m \u001b[1m\u001b[91m|\u001b[0m         full_history.dates,\n\u001b[1m\u001b[94m11\u001b[0m \u001b[1m\u001b[94m|\u001b[0m \u001b[1m\u001b[91m|\u001b[0m         full_history.open,\n\u001b[1m\u001b[94m12\u001b[0m \u001b[1m\u001b[94m|\u001b[0m \u001b[1m\u001b[91m|\u001b[0m         full_history.high,\n\u001b[1m\u001b[94m13\u001b[0m \u001b[1m\u001b[94m|\u001b[0m \u001b[1m\u001b[91m|\u001b[0m         full_history.low,\n\u001b[1m\u001b[94m14\u001b[0m \u001b[1m\u001b[94m|\u001b[0m \u001b[1m\u001b[91m|\u001b[0m         full_history.close,\n\u001b[1m\u001b[94m15\u001b[0m \u001b[1m\u001b[94m|\u001b[0m \u001b[1m\u001b[91m|\u001b[0m     )\n   \u001b[1m\u001b[94m|\u001b[0m \u001b[1m\u001b[91m|_____^\u001b[0m \u001b[1m\u001b[91mthe trait `serde_core::ser::Serialize` is not implemented for `NaiveDate`\u001b[0m\n   \u001b[1m\u001b[94m|\u001b[0m\n   \u001b[1m\u001b[94m= \u001b[0m\u001b[1mnote\u001b[0m: for local types consider adding `#[derive(serde::Serialize)]` to your `NaiveDate` type\n   \u001b[1m\u001b[94m= \u001b[0m\u001b[1mnote\u001b[0m: for types from other crates check whether the crate offers a `serde` feature flag\n   \u001b[1m\u001b[94m= \u001b[0m\u001b[1mhelp\u001b[0m: the following other types implement trait `serde_core::ser::Serialize`:\n             &'a T\n             &'a mut T\n             ()\n             (T,)\n             (T0, T1)\n             (T0, T1, T2)\n             (T0, T1, T2, T3)\n             (T0, T1, T2, T3, T4)\n           and 418 others\n\u001b[1m\u001b[92mnote\u001b[0m: required by a bound in `plotly::Candlestick`\n  \u001b[1m\u001b[94m--> \u001b[0m/home/yasuke/.cargo/registry/src/index.crates.io-1949cf8c6b5b557f/plotly-0.14.0/src/traces/candlestick.rs:50:8\n   \u001b[1m\u001b[94m|\u001b[0m\n\u001b[1m\u001b[94m48\u001b[0m \u001b[1m\u001b[94m|\u001b[0m pub struct Candlestick<T, O>\n   \u001b[1m\u001b[94m|\u001b[0m            \u001b[1m\u001b[94m-----------\u001b[0m \u001b[1m\u001b[94mrequired by a bound in this struct\u001b[0m\n\u001b[1m\u001b[94m49\u001b[0m \u001b[1m\u001b[94m|\u001b[0m where\n\u001b[1m\u001b[94m50\u001b[0m \u001b[1m\u001b[94m|\u001b[0m     T: Serialize + Clone,\n   \u001b[1m\u001b[94m|\u001b[0m        \u001b[1m\u001b[92m^^^^^^^^^\u001b[0m \u001b[1m\u001b[92mrequired by this bound in `Candlestick`\u001b[0m\n\n"}
{"$message_type":"diagnostic","message":"aborting due to 3 previous errors; 1 warning emitted","code":null,"level":"error","spans":[],"children":[],"rendered":"\u001b[1m\u001b[91merror\u001b[0m\u001b[1m: aborting due to 3 previous errors; 1 warning emitted\u001b[0m\n\n"}
{"$message_type":"diagnostic","message":"Some errors have detailed explanations: E0277, E0599.","code":null,"level":"failure-note","spans":[],"children":[],"rendered":"\u001b[1mSome errors have detailed explanations: E0277, E0599.\u001b[0m\n"}
{"$message_type":"diagnostic","message":"For more information about an error, try `rustc --explain E0277`.","code":null,"level":"failure-note","spans":[],"children":[],"rendered":"\u001b[1mFor more information about an error, try `rustc --explain E0277`.\u001b[0m\n"}
